Dec 24, 2016 8:58:18 PM Logger.FileLogger AddInfo
INFO: Add Pin : 107 Camera
Dec 24, 2016 8:58:18 PM Logger.FileLogger AddInfo
INFO: Add Pin : 108 Camera
Dec 24, 2016 8:58:19 PM Logger.FileLogger AddInfo
INFO: Add Device : 1001, with Name : Security Camera
Dec 24, 2016 8:58:19 PM Logger.FileLogger AddInfo
INFO: Add Device : 1002, with Name : Security Camera
Dec 24, 2016 8:58:19 PM Logger.FileLogger AddInfo
INFO: SecurityCamera 1001, Is Live Now
Dec 24, 2016 8:58:19 PM Logger.FileLogger AddInfo
INFO: SecurityCamera 1002, Is Live Now
Dec 24, 2016 9:01:08 PM Logger.FileLogger AddInfo
INFO: Start Uploading Camera_1002_24-12-2016_21-00-03-435.mp4 File.
Dec 24, 2016 9:01:08 PM Logger.FileLogger AddInfo
INFO: The Camera_1002_24-12-2016_21-00-03-435.mp4 File is Uploaded Successfully.
Dec 24, 2016 9:01:09 PM Logger.FileLogger AddInfo
INFO: Start Uploading Camera_1001_24-12-2016_21-00-04-269.mp4 File.
Dec 24, 2016 9:01:09 PM Logger.FileLogger AddInfo
INFO: The Camera_1001_24-12-2016_21-00-04-269.mp4 File is Uploaded Successfully.
