Dec 25, 2016 4:25:19 AM Logger.FileLogger AddInfo
INFO: Add Pin : 107 Camera
Dec 25, 2016 4:25:19 AM Logger.FileLogger AddInfo
INFO: Add Pin : 108 Camera
Dec 25, 2016 4:25:19 AM Logger.FileLogger AddInfo
INFO: Add Device : 1001, with Name : Security Camera
Dec 25, 2016 4:25:19 AM Logger.FileLogger AddInfo
INFO: Add Device : 1002, with Name : Security Camera
Dec 25, 2016 4:25:20 AM Logger.FileLogger AddInfo
INFO: SecurityCamera 1001, Is Live Now
Dec 25, 2016 4:25:20 AM Logger.FileLogger AddInfo
INFO: SecurityCamera 1002, Is Live Now
Dec 25, 2016 4:27:44 AM Logger.FileLogger AddInfo
INFO: SecurityCamera 1001, Capture : Camera_1001_25-12-2016_04-27-44-242.jpg
Dec 25, 2016 4:27:44 AM Logger.FileLogger AddInfo
INFO: SecurityCamera 1002, Capture : Camera_1002_25-12-2016_04-27-44-359.jpg
Dec 25, 2016 4:27:44 AM Logger.FileLogger AddInfo
INFO: Start Uploading Camera_1001_25-12-2016_04-27-44-242.jpg File.
Dec 25, 2016 4:27:44 AM Logger.FileLogger AddInfo
INFO: The Camera_1001_25-12-2016_04-27-44-242.jpg File is Uploaded Successfully.
Dec 25, 2016 4:27:44 AM Logger.FileLogger AddInfo
INFO: Start Uploading Camera_1002_25-12-2016_04-27-44-359.jpg File.
Dec 25, 2016 4:27:44 AM Logger.FileLogger AddInfo
INFO: The Camera_1002_25-12-2016_04-27-44-359.jpg File is Uploaded Successfully.
Dec 25, 2016 4:29:34 AM Logger.FileLogger AddInfo
INFO: SecurityCamera 1002, Capture : Camera_1002_25-12-2016_04-29-34-127.jpg
Dec 25, 2016 4:29:34 AM Logger.FileLogger AddInfo
INFO: Start Uploading Camera_1002_25-12-2016_04-29-34-127.jpg File.
Dec 25, 2016 4:29:34 AM Logger.FileLogger AddInfo
INFO: The Camera_1002_25-12-2016_04-29-34-127.jpg File is Uploaded Successfully.
Dec 25, 2016 4:29:35 AM Logger.FileLogger AddInfo
INFO: SecurityCamera 1001, Capture : Camera_1001_25-12-2016_04-29-35-92.jpg
Dec 25, 2016 4:29:36 AM Logger.FileLogger AddInfo
INFO: Start Uploading Camera_1001_25-12-2016_04-29-35-92.jpg File.
Dec 25, 2016 4:29:36 AM Logger.FileLogger AddInfo
INFO: The Camera_1001_25-12-2016_04-29-35-92.jpg File is Uploaded Successfully.
Dec 25, 2016 4:33:09 AM Logger.FileLogger AddInfo
INFO: SecurityCamera 1001, Capture : Camera_1001_25-12-2016_04-33-09-596.jpg
Dec 25, 2016 4:33:09 AM Logger.FileLogger AddInfo
INFO: SecurityCamera 1002, Capture : Camera_1002_25-12-2016_04-33-09-658.jpg
Dec 25, 2016 4:33:10 AM Logger.FileLogger AddInfo
INFO: Start Uploading Camera_1001_25-12-2016_04-33-09-596.jpg File.
Dec 25, 2016 4:33:10 AM Logger.FileLogger AddInfo
INFO: The Camera_1001_25-12-2016_04-33-09-596.jpg File is Uploaded Successfully.
Dec 25, 2016 4:33:10 AM Logger.FileLogger AddInfo
INFO: Start Uploading Camera_1002_25-12-2016_04-33-09-658.jpg File.
Dec 25, 2016 4:33:10 AM Logger.FileLogger AddInfo
INFO: The Camera_1002_25-12-2016_04-33-09-658.jpg File is Uploaded Successfully.
Dec 25, 2016 4:33:30 AM Logger.FileLogger AddInfo
INFO: SecurityCamera 1001, Capture : Camera_1001_25-12-2016_04-33-30-847.jpg
Dec 25, 2016 4:33:30 AM Logger.FileLogger AddInfo
INFO: SecurityCamera 1002, Capture : Camera_1002_25-12-2016_04-33-30-956.jpg
Dec 25, 2016 4:33:31 AM Logger.FileLogger AddInfo
INFO: Start Uploading Camera_1001_25-12-2016_04-33-30-847.jpg File.
Dec 25, 2016 4:33:31 AM Logger.FileLogger AddInfo
INFO: The Camera_1001_25-12-2016_04-33-30-847.jpg File is Uploaded Successfully.
Dec 25, 2016 4:33:31 AM Logger.FileLogger AddInfo
INFO: Start Uploading Camera_1002_25-12-2016_04-33-30-956.jpg File.
Dec 25, 2016 4:33:32 AM Logger.FileLogger AddInfo
INFO: The Camera_1002_25-12-2016_04-33-30-956.jpg File is Uploaded Successfully.
