Dec 22, 2016 2:20:06 AM Logger.FileLogger AddInfo
INFO: Add Pin : 107 Camera
Dec 22, 2016 2:20:06 AM Logger.FileLogger AddInfo
INFO: Add Pin : 108 Camera
Dec 22, 2016 2:20:06 AM Logger.FileLogger AddInfo
INFO: Add Device : 1001, with Name : Security Camera
Dec 22, 2016 2:20:06 AM Logger.FileLogger AddInfo
INFO: Add Device : 1002, with Name : Security Camera
Dec 22, 2016 2:20:06 AM Logger.FileLogger AddInfo
INFO: SecurityCamera 1001, Is Live Now
Dec 22, 2016 2:20:07 AM Logger.FileLogger AddInfo
INFO: SecurityCamera 1002, Is Live Now
Dec 22, 2016 2:23:35 AM Logger.FileLogger AddInfo
INFO: SecurityCamera 1001, Capture : Camera_1001_22-12-2016_02-23-34-965.jpg
Dec 22, 2016 2:23:35 AM Logger.FileLogger AddInfo
INFO: SecurityCamera 1002, Capture : Camera_1002_22-12-2016_02-23-35-65.jpg
Dec 22, 2016 2:23:35 AM Logger.FileLogger AddInfo
INFO: SecurityCamera 1001, Capture : Camera_1001_22-12-2016_02-23-35-281.jpg
Dec 22, 2016 2:23:35 AM Logger.FileLogger AddInfo
INFO: SecurityCamera 1002, Capture : Camera_1002_22-12-2016_02-23-35-350.jpg
Dec 22, 2016 2:23:35 AM Logger.FileLogger AddInfo
INFO: SecurityCamera 1001, Capture : Camera_1001_22-12-2016_02-23-35-566.jpg
Dec 22, 2016 2:23:35 AM Logger.FileLogger AddInfo
INFO: SecurityCamera 1002, Capture : Camera_1002_22-12-2016_02-23-35-634.jpg
Dec 22, 2016 2:23:35 AM Logger.FileLogger AddInfo
INFO: SecurityCamera 1002, Capture : Camera_1002_22-12-2016_02-23-35-897.jpg
Dec 22, 2016 2:23:35 AM Logger.FileLogger AddInfo
INFO: SecurityCamera 1001, Capture : Camera_1001_22-12-2016_02-23-35-881.jpg
Dec 22, 2016 2:23:36 AM Logger.FileLogger AddInfo
INFO: SecurityCamera 1002, Capture : Camera_1002_22-12-2016_02-23-36-182.jpg
Dec 22, 2016 2:23:36 AM Logger.FileLogger AddInfo
INFO: SecurityCamera 1001, Capture : Camera_1001_22-12-2016_02-23-36-182.jpg
Dec 22, 2016 2:23:36 AM Logger.FileLogger AddInfo
INFO: SecurityCamera 1002, Capture : Camera_1002_22-12-2016_02-23-36-450.jpg
Dec 22, 2016 2:23:36 AM Logger.FileLogger AddInfo
INFO: SecurityCamera 1001, Capture : Camera_1001_22-12-2016_02-23-36-482.jpg
Dec 22, 2016 2:23:36 AM Logger.FileLogger AddInfo
INFO: SecurityCamera 1002, Capture : Camera_1002_22-12-2016_02-23-36-735.jpg
Dec 22, 2016 2:23:36 AM Logger.FileLogger AddInfo
INFO: SecurityCamera 1001, Capture : Camera_1001_22-12-2016_02-23-36-766.jpg
Dec 22, 2016 2:23:37 AM Logger.FileLogger AddInfo
INFO: SecurityCamera 1002, Capture : Camera_1002_22-12-2016_02-23-37-13.jpg
Dec 22, 2016 2:23:37 AM Logger.FileLogger AddInfo
INFO: SecurityCamera 1001, Capture : Camera_1001_22-12-2016_02-23-37-82.jpg
Dec 22, 2016 2:23:37 AM Logger.FileLogger AddInfo
INFO: SecurityCamera 1002, Capture : Camera_1002_22-12-2016_02-23-37-335.jpg
Dec 22, 2016 2:23:37 AM Logger.FileLogger AddInfo
INFO: SecurityCamera 1002, Capture : Camera_1002_22-12-2016_02-23-37-598.jpg
